\BOOKMARK [1][-]{section.1}{Beschreibung der Prototypen}{}% 1
\BOOKMARK [2][-]{subsection.1.1}{Low-Fidelity-Prototyp}{section.1}% 2
\BOOKMARK [3][-]{subsubsection.1.1.1}{eCurriculum}{subsection.1.1}% 3
\BOOKMARK [3][-]{subsubsection.1.1.2}{Pers\366nlicher Plan}{subsection.1.1}% 4
\BOOKMARK [3][-]{subsubsection.1.1.3}{Modulansicht}{subsection.1.1}% 5
\BOOKMARK [2][-]{subsection.1.2}{High-Fidelity-Prototyp}{section.1}% 6
\BOOKMARK [3][-]{subsubsection.1.2.1}{Startseite}{subsection.1.2}% 7
\BOOKMARK [3][-]{subsubsection.1.2.2}{Allgemeines}{subsection.1.2}% 8
\BOOKMARK [3][-]{subsubsection.1.2.3}{Aufbau}{subsection.1.2}% 9
\BOOKMARK [3][-]{subsubsection.1.2.4}{Ausland}{subsection.1.2}% 10
\BOOKMARK [3][-]{subsubsection.1.2.5}{Einteilung}{subsection.1.2}% 11
\BOOKMARK [3][-]{subsubsection.1.2.6}{Bachelorarbeit}{subsection.1.2}% 12
\BOOKMARK [3][-]{subsubsection.1.2.7}{LV und Pr\374fungen}{subsection.1.2}% 13
\BOOKMARK [3][-]{subsubsection.1.2.8}{Rechtliches}{subsection.1.2}% 14
\BOOKMARK [3][-]{subsubsection.1.2.9}{Login}{subsection.1.2}% 15
\BOOKMARK [3][-]{subsubsection.1.2.10}{Pers\366nlicher Plan}{subsection.1.2}% 16
\BOOKMARK [1][-]{section.2}{Interviews}{}% 17
\BOOKMARK [1][-]{section.3}{Begr\374nden der Designentscheidungen}{}% 18
\BOOKMARK [1][-]{section.4}{Typische Fehlermeldungen}{}% 19
\BOOKMARK [2][-]{subsection.4.1}{Aufrufen des pers\366nlichen Plans ohne eingeloggt zu sein}{section.4}% 20
\BOOKMARK [2][-]{subsection.4.2}{Login mit falschem Benutzernamen oder falschem Passwort}{section.4}% 21
\BOOKMARK [2][-]{subsection.4.3}{Aufrufen eines nicht vorhandenen Moduls}{section.4}% 22
