\BOOKMARK [1][-]{section.1}{Usability Test Aufgaben}{}% 1
\BOOKMARK [2][-]{subsection.1.1}{Aufgabe 1}{section.1}% 2
\BOOKMARK [2][-]{subsection.1.2}{Aufgabe 2}{section.1}% 3
\BOOKMARK [2][-]{subsection.1.3}{Aufgabe 3}{section.1}% 4
\BOOKMARK [1][-]{section.2}{Interviewleitfaden}{}% 5
\BOOKMARK [2][-]{subsection.2.1}{Vorinterview}{section.2}% 6
\BOOKMARK [2][-]{subsection.2.2}{Fragen nach der Aufgabe}{section.2}% 7
\BOOKMARK [2][-]{subsection.2.3}{Abschlussinterview}{section.2}% 8
\BOOKMARK [2][-]{subsection.2.4}{Fragebogen}{section.2}% 9
\BOOKMARK [1][-]{section.3}{Interviews}{}% 10
\BOOKMARK [2][-]{subsection.3.1}{Interview 1}{section.3}% 11
\BOOKMARK [2][-]{subsection.3.2}{Interview 2: HS}{section.3}% 12
\BOOKMARK [1][-]{section.4}{Bericht}{}% 13
\BOOKMARK [2][-]{subsection.4.1}{Aufgabe 1}{section.4}% 14
\BOOKMARK [2][-]{subsection.4.2}{Aufgabe 2}{section.4}% 15
\BOOKMARK [2][-]{subsection.4.3}{Aufgabe 3}{section.4}% 16
\BOOKMARK [2][-]{subsection.4.4}{Gesamteinsch\344tzung}{section.4}% 17
\BOOKMARK [2][-]{subsection.4.5}{Verbesserungsvorschl\344ge}{section.4}% 18
\BOOKMARK [1][-]{section.5}{Weiterentwickelter Prototyp}{}% 19
\BOOKMARK [2][-]{subsection.5.1}{Weiterentwicklung der Fehlermeldungen}{section.5}% 20
\BOOKMARK [2][-]{subsection.5.2}{Weiterentwicklung nach der Pr\344sentation}{section.5}% 21
\BOOKMARK [2][-]{subsection.5.3}{Weiterentwicklung nach dem Interview}{section.5}% 22
\BOOKMARK [1][-]{section.6}{Protokoll der Interviews}{}% 23
