\BOOKMARK [1][-]{section.1}{Einleitung}{}% 1
\BOOKMARK [1][-]{section.2}{Studienaufbau}{}% 2
\BOOKMARK [2][-]{subsection.2.1}{Hypothesen}{section.2}% 3
\BOOKMARK [2][-]{subsection.2.2}{Testbare Aufgaben}{section.2}% 4
\BOOKMARK [2][-]{subsection.2.3}{Variablen}{section.2}% 5
\BOOKMARK [3][-]{subsubsection.2.3.1}{Performanzmetriken}{subsection.2.3}% 6
\BOOKMARK [3][-]{subsubsection.2.3.2}{Subjektives Nutzerfeedback}{subsection.2.3}% 7
\BOOKMARK [2][-]{subsection.2.4}{Pre-Test}{section.2}% 8
\BOOKMARK [2][-]{subsection.2.5}{Testpersonen}{section.2}% 9
\BOOKMARK [2][-]{subsection.2.6}{Methodik}{section.2}% 10
\BOOKMARK [1][-]{section.3}{Resultate}{}% 11
\BOOKMARK [2][-]{subsection.3.1}{Deskriptive Statistik}{section.3}% 12
\BOOKMARK [2][-]{subsection.3.2}{Inferenzstatistik}{section.3}% 13
\BOOKMARK [1][-]{section.4}{Diskussion}{}% 14
\BOOKMARK [2][-]{subsection.4.1}{Alternativhypothese 1: User k\366nnen mit unserem neu erstellten Interface Aufgaben besser l\366sen als mit dem alten Interface.}{section.4}% 15
\BOOKMARK [1][-]{section.5}{Schlussfolgerungen}{}% 16
\BOOKMARK [1][-]{section.6}{Appendix}{}% 17
\BOOKMARK [1][-]{section.7}{Reflexion \374ber das Gesamtprojekt}{}% 18
\BOOKMARK [2][-]{subsection.7.1}{Kernerkenntnisse und Designempfehlungen aus dem Projekt}{section.7}% 19
\BOOKMARK [2][-]{subsection.7.2}{Arbeitsverteilung, Kommunikation, Lernprozess und Zufriedenheit}{section.7}% 20
